  [1m[35m (3.5ms)[0m  [1m[34mSELECT sqlite_version(*)[0m
  [1m[35m (1.7ms)[0m  [1m[35mCREATE TABLE "schema_migrations" ("version" varchar NOT NULL PRIMARY KEY)[0m
  [1m[35m (2.0ms)[0m  [1m[35mCREATE TABLE "ar_internal_metadata" ("key" varchar NOT NULL PRIMARY KEY, "value" varchar, "created_at" datetime(6) NOT NULL, "updated_at" datetime(6) NOT NULL)[0m
  [1m[35m (0.2ms)[0m  [1m[34mSELECT "schema_migrations"."version" FROM "schema_migrations" ORDER BY "schema_migrations"."version" ASC[0m
Migrating to CreateShoeTable (20200521193759)
  [1m[35m (0.1ms)[0m  [1m[36mbegin transaction[0m
  [1m[35m (1.2ms)[0m  [1m[35mCREATE TABLE "shoes" ("id" integer PRIMARY KEY AUTOINCREMENT NOT NULL, "model" varchar, "size" float, "brand" varchar, "user_id" integer)[0m
  [1m[36mprimary::SchemaMigration Create (1.2ms)[0m  [1m[32mINSERT INTO "schema_migrations" ("version") VALUES (?)[0m  [["version", "20200521193759"]]
  [1m[35m (9.2ms)[0m  [1m[36mcommit transaction[0m
Migrating to CreateUserTable (20200521193814)
  [1m[35m (0.2ms)[0m  [1m[36mbegin transaction[0m
  [1m[35m (2.7ms)[0m  [1m[35mCREATE TABLE "users" ("id" integer PRIMARY KEY AUTOINCREMENT NOT NULL, "first_name" varchar, "last_name" varchar, "email" varchar, "password_digest" varchar)[0m
  [1m[36mprimary::SchemaMigration Create (0.6ms)[0m  [1m[32mINSERT INTO "schema_migrations" ("version") VALUES (?)[0m  [["version", "20200521193814"]]
  [1m[35m (17.3ms)[0m  [1m[36mcommit transaction[0m
Migrating to CreateTransactionTable (20200521193829)
  [1m[35m (0.3ms)[0m  [1m[36mbegin transaction[0m
  [1m[35m (1.0ms)[0m  [1m[35mCREATE TABLE "transactions" ("id" integer PRIMARY KEY AUTOINCREMENT NOT NULL, "user_id" integer, "shoe_id" integer)[0m
  [1m[36mprimary::SchemaMigration Create (0.5ms)[0m  [1m[32mINSERT INTO "schema_migrations" ("version") VALUES (?)[0m  [["version", "20200521193829"]]
  [1m[35m (1.8ms)[0m  [1m[36mcommit transaction[0m
  [1m[36mActiveRecord::InternalMetadata Load (0.3ms)[0m  [1m[34mSELECT "ar_internal_metadata".* FROM "ar_internal_metadata" WHERE "ar_internal_metadata"."key" = ? LIMIT ?[0m  [["key", "environment"], ["LIMIT", 1]]
  [1m[35m (0.1ms)[0m  [1m[36mbegin transaction[0m
  [1m[36mActiveRecord::InternalMetadata Create (2.3ms)[0m  [1m[32mINSERT INTO "ar_internal_metadata" ("key", "value", "created_at", "updated_at") VALUES (?, ?, ?, ?)[0m  [["key", "environment"], ["value", "development"], ["created_at", "2020-05-21 19:46:15.090563"], ["updated_at", "2020-05-21 19:46:15.090563"]]
  [1m[35m (4.8ms)[0m  [1m[36mcommit transaction[0m
  [1m[35m (0.1ms)[0m  [1m[34mSELECT sqlite_version(*)[0m
  [1m[35m (0.1ms)[0m  [1m[34mSELECT "schema_migrations"."version" FROM "schema_migrations" ORDER BY "schema_migrations"."version" ASC[0m
  [1m[35m (1.3ms)[0m  [1m[34mSELECT sqlite_version(*)[0m
  [1m[35m (0.9ms)[0m  [1m[34mSELECT "schema_migrations"."version" FROM "schema_migrations" ORDER BY "schema_migrations"."version" ASC[0m
  [1m[35m (0.1ms)[0m  [1m[34mSELECT sqlite_version(*)[0m
  [1m[36mShoe Load (1.4ms)[0m  [1m[34mSELECT "shoes".* FROM "shoes"[0m
  [1m[36mTransaction Load (0.6ms)[0m  [1m[34mSELECT "transactions".* FROM "transactions"[0m
  [1m[36mUser Load (0.5ms)[0m  [1m[34mSELECT "users".* FROM "users"[0m
  [1m[35m (2.2ms)[0m  [1m[34mSELECT sqlite_version(*)[0m
  [1m[35m (0.2ms)[0m  [1m[34mSELECT "schema_migrations"."version" FROM "schema_migrations" ORDER BY "schema_migrations"."version" ASC[0m
  [1m[35m (0.1ms)[0m  [1m[34mSELECT sqlite_version(*)[0m
  [1m[36mShoe Load (0.2ms)[0m  [1m[34mSELECT "shoes".* FROM "shoes"[0m
  [1m[36mTransaction Load (0.2ms)[0m  [1m[34mSELECT "transactions".* FROM "transactions"[0m
  [1m[36mUser Load (0.3ms)[0m  [1m[34mSELECT "users".* FROM "users"[0m
  [1m[35m (0.1ms)[0m  [1m[36mbegin transaction[0m
  [1m[36mUser Create (1.7ms)[0m  [1m[32mINSERT INTO "users" ("first_name", "last_name", "email", "password_digest") VALUES (?, ?, ?, ?)[0m  [["first_name", "Wilton"], ["last_name", "Braun"], ["email", "lanelle.cremin@thompson.name"], ["password_digest", "CmJ55jUgQcFp6Ca"]]
  [1m[35m (0.9ms)[0m  [1m[36mcommit transaction[0m
  [1m[35m (0.0ms)[0m  [1m[36mbegin transaction[0m
  [1m[36mUser Create (0.4ms)[0m  [1m[32mINSERT INTO "users" ("first_name", "last_name", "email", "password_digest") VALUES (?, ?, ?, ?)[0m  [["first_name", "Toney"], ["last_name", "Rowe"], ["email", "hans_brown@runolfon.biz"], ["password_digest", "Kk1G7gIw15L5o"]]
  [1m[35m (1.3ms)[0m  [1m[36mcommit transaction[0m
  [1m[35m (0.1ms)[0m  [1m[36mbegin transaction[0m
  [1m[36mUser Create (0.4ms)[0m  [1m[32mINSERT INTO "users" ("first_name", "last_name", "email", "password_digest") VALUES (?, ?, ?, ?)[0m  [["first_name", "Verena"], ["last_name", "Murazik"], ["email", "fatima@quigley.co"], ["password_digest", "P9lX7zH50pQ2z"]]
  [1m[35m (1.0ms)[0m  [1m[36mcommit transaction[0m
  [1m[35m (0.1ms)[0m  [1m[36mbegin transaction[0m
  [1m[36mUser Create (0.4ms)[0m  [1m[32mINSERT INTO "users" ("first_name", "last_name", "email", "password_digest") VALUES (?, ?, ?, ?)[0m  [["first_name", "Tabatha"], ["last_name", "Schulist"], ["email", "lannie@christiansen.com"], ["password_digest", "JjMjKhFwN54xG"]]
  [1m[35m (1.4ms)[0m  [1m[36mcommit transaction[0m
  [1m[35m (0.1ms)[0m  [1m[36mbegin transaction[0m
  [1m[36mUser Create (0.4ms)[0m  [1m[32mINSERT INTO "users" ("first_name", "last_name", "email", "password_digest") VALUES (?, ?, ?, ?)[0m  [["first_name", "Phillis"], ["last_name", "Satterfield"], ["email", "tyson@gutmann.com"], ["password_digest", "LnX8cBoYvS6hQc6K"]]
  [1m[35m (1.0ms)[0m  [1m[36mcommit transaction[0m
  [1m[35m (0.1ms)[0m  [1m[36mbegin transaction[0m
  [1m[36mUser Create (0.4ms)[0m  [1m[32mINSERT INTO "users" ("first_name", "last_name", "email", "password_digest") VALUES (?, ?, ?, ?)[0m  [["first_name", "Nieves"], ["last_name", "Douglas"], ["email", "kurt_deckow@medhurst.org"], ["password_digest", "Qx9YyGrWwFbOs5"]]
  [1m[35m (1.1ms)[0m  [1m[36mcommit transaction[0m
  [1m[35m (0.1ms)[0m  [1m[36mbegin transaction[0m
  [1m[36mUser Create (0.5ms)[0m  [1m[32mINSERT INTO "users" ("first_name", "last_name", "email", "password_digest") VALUES (?, ?, ?, ?)[0m  [["first_name", "Mallie"], ["last_name", "Kunze"], ["email", "kaleigh_boehm@friesen.com"], ["password_digest", "Yy21FhJm5NeD"]]
  [1m[35m (1.4ms)[0m  [1m[36mcommit transaction[0m
  [1m[35m (0.1ms)[0m  [1m[36mbegin transaction[0m
  [1m[36mUser Create (0.5ms)[0m  [1m[32mINSERT INTO "users" ("first_name", "last_name", "email", "password_digest") VALUES (?, ?, ?, ?)[0m  [["first_name", "Francie"], ["last_name", "Abbott"], ["email", "shawana@collins.name"], ["password_digest", "P6mU6wYd2Dt6"]]
  [1m[35m (1.1ms)[0m  [1m[36mcommit transaction[0m
  [1m[35m (0.1ms)[0m  [1m[36mbegin transaction[0m
  [1m[36mUser Create (0.4ms)[0m  [1m[32mINSERT INTO "users" ("first_name", "last_name", "email", "password_digest") VALUES (?, ?, ?, ?)[0m  [["first_name", "Cesar"], ["last_name", "Dietrich"], ["email", "jewel@gerlachhermiston.info"], ["password_digest", "4KeYa0UtUy6"]]
  [1m[35m (1.0ms)[0m  [1m[36mcommit transaction[0m
  [1m[35m (0.1ms)[0m  [1m[36mbegin transaction[0m
  [1m[36mUser Create (0.4ms)[0m  [1m[32mINSERT INTO "users" ("first_name", "last_name", "email", "password_digest") VALUES (?, ?, ?, ?)[0m  [["first_name", "Micheal"], ["last_name", "McDermott"], ["email", "genie@funk.info"], ["password_digest", "Dz1VsPx5"]]
  [1m[35m (1.0ms)[0m  [1m[36mcommit transaction[0m
  [1m[36mUser Load (0.3ms)[0m  [1m[34mSELECT "users".* FROM "users"[0m
  [1m[35m (0.2ms)[0m  [1m[36mbegin transaction[0m
  [1m[36mUser Load (0.3ms)[0m  [1m[34mSELECT "users".* FROM "users" WHERE "users"."id" = ? LIMIT ?[0m  [["id", 2], ["LIMIT", 1]]
  [1m[36mShoe Create (0.5ms)[0m  [1m[32mINSERT INTO "shoes" ("model", "size", "brand", "user_id") VALUES (?, ?, ?, ?)[0m  [["model", "Air Jordan 1"], ["size", 10.5], ["brand", "Nike"], ["user_id", 2]]
  [1m[35m (1.0ms)[0m  [1m[36mcommit transaction[0m
  [1m[36mUser Load (0.2ms)[0m  [1m[34mSELECT "users".* FROM "users"[0m
  [1m[35m (0.1ms)[0m  [1m[36mbegin transaction[0m
  [1m[36mUser Load (0.1ms)[0m  [1m[34mSELECT "users".* FROM "users" WHERE "users"."id" = ? LIMIT ?[0m  [["id", 8], ["LIMIT", 1]]
  [1m[36mShoe Create (0.4ms)[0m  [1m[32mINSERT INTO "shoes" ("model", "size", "brand", "user_id") VALUES (?, ?, ?, ?)[0m  [["model", "Air Jordan 1"], ["size", 9.0], ["brand", "Nike"], ["user_id", 8]]
  [1m[35m (1.4ms)[0m  [1m[36mcommit transaction[0m
  [1m[36mUser Load (0.2ms)[0m  [1m[34mSELECT "users".* FROM "users"[0m
  [1m[35m (0.1ms)[0m  [1m[36mbegin transaction[0m
  [1m[36mUser Load (0.3ms)[0m  [1m[34mSELECT "users".* FROM "users" WHERE "users"."id" = ? LIMIT ?[0m  [["id", 2], ["LIMIT", 1]]
  [1m[36mShoe Create (0.5ms)[0m  [1m[32mINSERT INTO "shoes" ("model", "size", "brand", "user_id") VALUES (?, ?, ?, ?)[0m  [["model", "Air Jordan 1"], ["size", 12.0], ["brand", "Nike"], ["user_id", 2]]
  [1m[35m (1.1ms)[0m  [1m[36mcommit transaction[0m
  [1m[36mUser Load (0.1ms)[0m  [1m[34mSELECT "users".* FROM "users"[0m
  [1m[35m (0.1ms)[0m  [1m[36mbegin transaction[0m
  [1m[36mUser Load (0.1ms)[0m  [1m[34mSELECT "users".* FROM "users" WHERE "users"."id" = ? LIMIT ?[0m  [["id", 8], ["LIMIT", 1]]
  [1m[36mShoe Create (0.4ms)[0m  [1m[32mINSERT INTO "shoes" ("model", "size", "brand", "user_id") VALUES (?, ?, ?, ?)[0m  [["model", "Air Jordan 1"], ["size", 5.0], ["brand", "Nike"], ["user_id", 8]]
  [1m[35m (1.1ms)[0m  [1m[36mcommit transaction[0m
  [1m[36mUser Load (0.2ms)[0m  [1m[34mSELECT "users".* FROM "users"[0m
  [1m[35m (0.3ms)[0m  [1m[36mbegin transaction[0m
  [1m[36mUser Load (0.1ms)[0m  [1m[34mSELECT "users".* FROM "users" WHERE "users"."id" = ? LIMIT ?[0m  [["id", 3], ["LIMIT", 1]]
  [1m[36mShoe Create (0.8ms)[0m  [1m[32mINSERT INTO "shoes" ("model", "size", "brand", "user_id") VALUES (?, ?, ?, ?)[0m  [["model", "Air Max 1"], ["size", 8.0], ["brand", "Nike"], ["user_id", 3]]
  [1m[35m (1.0ms)[0m  [1m[36mcommit transaction[0m
  [1m[36mUser Load (0.1ms)[0m  [1m[34mSELECT "users".* FROM "users"[0m
  [1m[35m (0.0ms)[0m  [1m[36mbegin transaction[0m
  [1m[36mUser Load (0.2ms)[0m  [1m[34mSELECT "users".* FROM "users" WHERE "users"."id" = ? LIMIT ?[0m  [["id", 8], ["LIMIT", 1]]
  [1m[36mShoe Create (0.6ms)[0m  [1m[32mINSERT INTO "shoes" ("model", "size", "brand", "user_id") VALUES (?, ?, ?, ?)[0m  [["model", "Air Max 1"], ["size", 13.0], ["brand", "Nike"], ["user_id", 8]]
  [1m[35m (1.3ms)[0m  [1m[36mcommit transaction[0m
  [1m[36mUser Load (0.2ms)[0m  [1m[34mSELECT "users".* FROM "users"[0m
  [1m[35m (0.1ms)[0m  [1m[36mbegin transaction[0m
  [1m[36mUser Load (0.1ms)[0m  [1m[34mSELECT "users".* FROM "users" WHERE "users"."id" = ? LIMIT ?[0m  [["id", 3], ["LIMIT", 1]]
  [1m[36mShoe Create (0.6ms)[0m  [1m[32mINSERT INTO "shoes" ("model", "size", "brand", "user_id") VALUES (?, ?, ?, ?)[0m  [["model", "Yeezy 350's"], ["size", 7.0], ["brand", "Adidas"], ["user_id", 3]]
  [1m[35m (1.4ms)[0m  [1m[36mcommit transaction[0m
  [1m[36mUser Load (0.2ms)[0m  [1m[34mSELECT "users".* FROM "users"[0m
  [1m[35m (0.0ms)[0m  [1m[36mbegin transaction[0m
  [1m[36mUser Load (0.1ms)[0m  [1m[34mSELECT "users".* FROM "users" WHERE "users"."id" = ? LIMIT ?[0m  [["id", 5], ["LIMIT", 1]]
  [1m[36mShoe Create (0.4ms)[0m  [1m[32mINSERT INTO "shoes" ("model", "size", "brand", "user_id") VALUES (?, ?, ?, ?)[0m  [["model", "Yeezy 350's"], ["size", 9.0], ["brand", "Adidas"], ["user_id", 5]]
  [1m[35m (0.8ms)[0m  [1m[36mcommit transaction[0m
  [1m[36mUser Load (0.1ms)[0m  [1m[34mSELECT "users".* FROM "users"[0m
  [1m[36mShoe Load (0.1ms)[0m  [1m[34mSELECT "shoes".* FROM "shoes"[0m
  [1m[35m (0.1ms)[0m  [1m[36mbegin transaction[0m
  [1m[36mUser Load (0.1ms)[0m  [1m[34mSELECT "users".* FROM "users" WHERE "users"."id" = ? LIMIT ?[0m  [["id", 8], ["LIMIT", 1]]
  [1m[36mShoe Load (0.1ms)[0m  [1m[34mSELECT "shoes".* FROM "shoes" WHERE "shoes"."id" = ? LIMIT ?[0m  [["id", 8], ["LIMIT", 1]]
  [1m[36mTransaction Create (0.4ms)[0m  [1m[32mINSERT INTO "transactions" ("user_id", "shoe_id") VALUES (?, ?)[0m  [["user_id", 8], ["shoe_id", 8]]
  [1m[35m (1.4ms)[0m  [1m[36mcommit transaction[0m
  [1m[36mUser Load (0.2ms)[0m  [1m[34mSELECT "users".* FROM "users"[0m
  [1m[36mShoe Load (0.1ms)[0m  [1m[34mSELECT "shoes".* FROM "shoes"[0m
  [1m[35m (0.1ms)[0m  [1m[36mbegin transaction[0m
  [1m[36mUser Load (0.3ms)[0m  [1m[34mSELECT "users".* FROM "users" WHERE "users"."id" = ? LIMIT ?[0m  [["id", 5], ["LIMIT", 1]]
  [1m[36mShoe Load (0.1ms)[0m  [1m[34mSELECT "shoes".* FROM "shoes" WHERE "shoes"."id" = ? LIMIT ?[0m  [["id", 2], ["LIMIT", 1]]
  [1m[36mTransaction Create (0.6ms)[0m  [1m[32mINSERT INTO "transactions" ("user_id", "shoe_id") VALUES (?, ?)[0m  [["user_id", 5], ["shoe_id", 2]]
  [1m[35m (0.9ms)[0m  [1m[36mcommit transaction[0m
  [1m[36mUser Load (0.1ms)[0m  [1m[34mSELECT "users".* FROM "users"[0m
  [1m[36mShoe Load (0.1ms)[0m  [1m[34mSELECT "shoes".* FROM "shoes"[0m
  [1m[35m (0.0ms)[0m  [1m[36mbegin transaction[0m
  [1m[36mUser Load (0.1ms)[0m  [1m[34mSELECT "users".* FROM "users" WHERE "users"."id" = ? LIMIT ?[0m  [["id", 4], ["LIMIT", 1]]
  [1m[36mShoe Load (0.2ms)[0m  [1m[34mSELECT "shoes".* FROM "shoes" WHERE "shoes"."id" = ? LIMIT ?[0m  [["id", 8], ["LIMIT", 1]]
  [1m[36mTransaction Create (0.4ms)[0m  [1m[32mINSERT INTO "transactions" ("user_id", "shoe_id") VALUES (?, ?)[0m  [["user_id", 4], ["shoe_id", 8]]
  [1m[35m (1.4ms)[0m  [1m[36mcommit transaction[0m
  [1m[36mUser Load (0.1ms)[0m  [1m[34mSELECT "users".* FROM "users"[0m
  [1m[36mShoe Load (0.1ms)[0m  [1m[34mSELECT "shoes".* FROM "shoes"[0m
  [1m[35m (0.1ms)[0m  [1m[36mbegin transaction[0m
  [1m[36mUser Load (0.1ms)[0m  [1m[34mSELECT "users".* FROM "users" WHERE "users"."id" = ? LIMIT ?[0m  [["id", 2], ["LIMIT", 1]]
  [1m[36mShoe Load (0.1ms)[0m  [1m[34mSELECT "shoes".* FROM "shoes" WHERE "shoes"."id" = ? LIMIT ?[0m  [["id", 5], ["LIMIT", 1]]
  [1m[36mTransaction Create (0.4ms)[0m  [1m[32mINSERT INTO "transactions" ("user_id", "shoe_id") VALUES (?, ?)[0m  [["user_id", 2], ["shoe_id", 5]]
  [1m[35m (1.0ms)[0m  [1m[36mcommit transaction[0m
  [1m[36mUser Load (0.2ms)[0m  [1m[34mSELECT "users".* FROM "users"[0m
  [1m[36mShoe Load (0.2ms)[0m  [1m[34mSELECT "shoes".* FROM "shoes"[0m
  [1m[35m (0.0ms)[0m  [1m[36mbegin transaction[0m
  [1m[36mUser Load (0.1ms)[0m  [1m[34mSELECT "users".* FROM "users" WHERE "users"."id" = ? LIMIT ?[0m  [["id", 2], ["LIMIT", 1]]
  [1m[36mShoe Load (0.1ms)[0m  [1m[34mSELECT "shoes".* FROM "shoes" WHERE "shoes"."id" = ? LIMIT ?[0m  [["id", 7], ["LIMIT", 1]]
  [1m[36mTransaction Create (0.7ms)[0m  [1m[32mINSERT INTO "transactions" ("user_id", "shoe_id") VALUES (?, ?)[0m  [["user_id", 2], ["shoe_id", 7]]
  [1m[35m (1.0ms)[0m  [1m[36mcommit transaction[0m
  [1m[36mUser Load (0.2ms)[0m  [1m[34mSELECT "users".* FROM "users"[0m
  [1m[36mShoe Load (0.1ms)[0m  [1m[34mSELECT "shoes".* FROM "shoes"[0m
  [1m[35m (0.2ms)[0m  [1m[36mbegin transaction[0m
  [1m[36mUser Load (0.1ms)[0m  [1m[34mSELECT "users".* FROM "users" WHERE "users"."id" = ? LIMIT ?[0m  [["id", 6], ["LIMIT", 1]]
  [1m[36mShoe Load (0.1ms)[0m  [1m[34mSELECT "shoes".* FROM "shoes" WHERE "shoes"."id" = ? LIMIT ?[0m  [["id", 7], ["LIMIT", 1]]
  [1m[36mTransaction Create (0.5ms)[0m  [1m[32mINSERT INTO "transactions" ("user_id", "shoe_id") VALUES (?, ?)[0m  [["user_id", 6], ["shoe_id", 7]]
  [1m[35m (1.5ms)[0m  [1m[36mcommit transaction[0m
  [1m[36mUser Load (0.2ms)[0m  [1m[34mSELECT "users".* FROM "users"[0m
  [1m[36mShoe Load (0.1ms)[0m  [1m[34mSELECT "shoes".* FROM "shoes"[0m
  [1m[35m (0.8ms)[0m  [1m[36mbegin transaction[0m
  [1m[36mUser Load (0.2ms)[0m  [1m[34mSELECT "users".* FROM "users" WHERE "users"."id" = ? LIMIT ?[0m  [["id", 2], ["LIMIT", 1]]
  [1m[36mShoe Load (0.1ms)[0m  [1m[34mSELECT "shoes".* FROM "shoes" WHERE "shoes"."id" = ? LIMIT ?[0m  [["id", 4], ["LIMIT", 1]]
  [1m[36mTransaction Create (0.4ms)[0m  [1m[32mINSERT INTO "transactions" ("user_id", "shoe_id") VALUES (?, ?)[0m  [["user_id", 2], ["shoe_id", 4]]
  [1m[35m (1.3ms)[0m  [1m[36mcommit transaction[0m
  [1m[36mUser Load (0.2ms)[0m  [1m[34mSELECT "users".* FROM "users"[0m
  [1m[36mShoe Load (0.2ms)[0m  [1m[34mSELECT "shoes".* FROM "shoes"[0m
  [1m[35m (0.1ms)[0m  [1m[36mbegin transaction[0m
  [1m[36mUser Load (0.1ms)[0m  [1m[34mSELECT "users".* FROM "users" WHERE "users"."id" = ? LIMIT ?[0m  [["id", 2], ["LIMIT", 1]]
  [1m[36mShoe Load (0.1ms)[0m  [1m[34mSELECT "shoes".* FROM "shoes" WHERE "shoes"."id" = ? LIMIT ?[0m  [["id", 7], ["LIMIT", 1]]
  [1m[36mTransaction Create (0.7ms)[0m  [1m[32mINSERT INTO "transactions" ("user_id", "shoe_id") VALUES (?, ?)[0m  [["user_id", 2], ["shoe_id", 7]]
  [1m[35m (1.2ms)[0m  [1m[36mcommit transaction[0m
  [1m[36mUser Load (0.1ms)[0m  [1m[34mSELECT "users".* FROM "users"[0m
  [1m[36mShoe Load (0.1ms)[0m  [1m[34mSELECT "shoes".* FROM "shoes"[0m
  [1m[35m (0.1ms)[0m  [1m[36mbegin transaction[0m
  [1m[36mUser Load (0.1ms)[0m  [1m[34mSELECT "users".* FROM "users" WHERE "users"."id" = ? LIMIT ?[0m  [["id", 5], ["LIMIT", 1]]
  [1m[36mShoe Load (0.1ms)[0m  [1m[34mSELECT "shoes".* FROM "shoes" WHERE "shoes"."id" = ? LIMIT ?[0m  [["id", 8], ["LIMIT", 1]]
  [1m[36mTransaction Create (0.5ms)[0m  [1m[32mINSERT INTO "transactions" ("user_id", "shoe_id") VALUES (?, ?)[0m  [["user_id", 5], ["shoe_id", 8]]
  [1m[35m (1.0ms)[0m  [1m[36mcommit transaction[0m
  [1m[36mUser Load (0.2ms)[0m  [1m[34mSELECT "users".* FROM "users"[0m
  [1m[36mShoe Load (0.1ms)[0m  [1m[34mSELECT "shoes".* FROM "shoes"[0m
  [1m[35m (0.1ms)[0m  [1m[36mbegin transaction[0m
  [1m[36mUser Load (0.1ms)[0m  [1m[34mSELECT "users".* FROM "users" WHERE "users"."id" = ? LIMIT ?[0m  [["id", 10], ["LIMIT", 1]]
  [1m[36mShoe Load (0.1ms)[0m  [1m[34mSELECT "shoes".* FROM "shoes" WHERE "shoes"."id" = ? LIMIT ?[0m  [["id", 4], ["LIMIT", 1]]
  [1m[36mTransaction Create (0.4ms)[0m  [1m[32mINSERT INTO "transactions" ("user_id", "shoe_id") VALUES (?, ?)[0m  [["user_id", 10], ["shoe_id", 4]]
  [1m[35m (1.2ms)[0m  [1m[36mcommit transaction[0m
  [1m[35m (1.6ms)[0m  [1m[34mSELECT sqlite_version(*)[0m
  [1m[36mUser Load (6.3ms)[0m  [1m[34mSELECT "users".* FROM "users" LIMIT ?[0m  [["LIMIT", 11]]
  [1m[36mTransaction Load (0.8ms)[0m  [1m[34mSELECT "transactions".* FROM "transactions" LIMIT ?[0m  [["LIMIT", 11]]
  [1m[36mShoe Load (0.5ms)[0m  [1m[34mSELECT "shoes".* FROM "shoes" LIMIT ?[0m  [["LIMIT", 11]]
  [1m[36mTransaction Load (0.3ms)[0m  [1m[34mSELECT "transactions".* FROM "transactions" ORDER BY "transactions"."id" ASC LIMIT ?[0m  [["LIMIT", 1]]
  [1m[36mTransaction Load (0.2ms)[0m  [1m[34mSELECT "transactions".* FROM "transactions" ORDER BY "transactions"."id" ASC LIMIT ?[0m  [["LIMIT", 1]]
  [1m[36mShoe Load (0.3ms)[0m  [1m[34mSELECT "shoes".* FROM "shoes" WHERE "shoes"."id" = ? LIMIT ?[0m  [["id", 8], ["LIMIT", 1]]
  [1m[36mTransaction Load (0.3ms)[0m  [1m[34mSELECT "transactions".* FROM "transactions" ORDER BY "transactions"."id" ASC LIMIT ?[0m  [["LIMIT", 1]]
  [1m[36mShoe Load (0.2ms)[0m  [1m[34mSELECT "shoes".* FROM "shoes" WHERE "shoes"."id" = ? LIMIT ?[0m  [["id", 8], ["LIMIT", 1]]
  [1m[36mUser Load (0.3ms)[0m  [1m[34mSELECT "users".* FROM "users" WHERE "users"."id" = ? LIMIT ?[0m  [["id", 5], ["LIMIT", 1]]
  [1m[36mUser Load (1.0ms)[0m  [1m[34mSELECT "users".* FROM "users" ORDER BY "users"."id" ASC LIMIT ?[0m  [["LIMIT", 1]]
  [1m[36mUser Load (0.3ms)[0m  [1m[34mSELECT "users".* FROM "users" ORDER BY "users"."id" ASC LIMIT ?[0m  [["LIMIT", 1]]
  [1m[36mUser Load (0.3ms)[0m  [1m[34mSELECT "users".* FROM "users" ORDER BY "users"."id" ASC LIMIT ?[0m  [["LIMIT", 1]]
  [1m[36mUser Load (0.3ms)[0m  [1m[34mSELECT "users".* FROM "users"[0m
  [1m[36mUser Load (0.3ms)[0m  [1m[34mSELECT "users".* FROM "users"[0m
  [1m[36mShoe Load (0.4ms)[0m  [1m[34mSELECT "shoes".* FROM "shoes" ORDER BY "shoes"."id" ASC LIMIT ?[0m  [["LIMIT", 1]]
  [1m[36mShoe Load (0.3ms)[0m  [1m[34mSELECT "shoes".* FROM "shoes" ORDER BY "shoes"."id" ASC LIMIT ?[0m  [["LIMIT", 1]]
  [1m[36mUser Load (0.3ms)[0m  [1m[34mSELECT "users".* FROM "users" WHERE "users"."id" = ? LIMIT ?[0m  [["id", 2], ["LIMIT", 1]]
  [1m[36mShoe Load (0.2ms)[0m  [1m[34mSELECT "shoes".* FROM "shoes" ORDER BY "shoes"."id" ASC LIMIT ?[0m  [["LIMIT", 1]]
  [1m[36mUser Load (0.2ms)[0m  [1m[34mSELECT "users".* FROM "users" WHERE "users"."id" = ? LIMIT ?[0m  [["id", 2], ["LIMIT", 1]]
  [1m[36mShoe Load (0.4ms)[0m  [1m[34mSELECT "shoes".* FROM "shoes" WHERE "shoes"."user_id" = ? LIMIT ?[0m  [["user_id", 2], ["LIMIT", 11]]
  [1m[35m (2.7ms)[0m  [1m[34mSELECT sqlite_version(*)[0m
  [1m[35m (3.0ms)[0m  [1m[35mCREATE TABLE "schema_migrations" ("version" varchar NOT NULL PRIMARY KEY)[0m
  [1m[35m (2.1ms)[0m  [1m[35mCREATE TABLE "ar_internal_metadata" ("key" varchar NOT NULL PRIMARY KEY, "value" varchar, "created_at" datetime(6) NOT NULL, "updated_at" datetime(6) NOT NULL)[0m
  [1m[35m (0.3ms)[0m  [1m[34mSELECT "schema_migrations"."version" FROM "schema_migrations" ORDER BY "schema_migrations"."version" ASC[0m
Migrating to CreateShoeTable (20200521193759)
  [1m[35m (0.1ms)[0m  [1m[36mbegin transaction[0m
  [1m[35m (0.7ms)[0m  [1m[35mCREATE TABLE "shoes" ("id" integer PRIMARY KEY AUTOINCREMENT NOT NULL, "model" varchar, "size" float, "brand" varchar, "price" float, "user_id" integer)[0m
  [1m[36mprimary::SchemaMigration Create (1.2ms)[0m  [1m[32mINSERT INTO "schema_migrations" ("version") VALUES (?)[0m  [["version", "20200521193759"]]
  [1m[35m (8.4ms)[0m  [1m[36mcommit transaction[0m
Migrating to CreateUserTable (20200521193814)
  [1m[35m (0.1ms)[0m  [1m[36mbegin transaction[0m
  [1m[35m (1.6ms)[0m  [1m[35mCREATE TABLE "users" ("id" integer PRIMARY KEY AUTOINCREMENT NOT NULL, "first_name" varchar, "last_name" varchar, "email" varchar, "password_digest" varchar)[0m
  [1m[36mprimary::SchemaMigration Create (3.0ms)[0m  [1m[32mINSERT INTO "schema_migrations" ("version") VALUES (?)[0m  [["version", "20200521193814"]]
  [1m[35m (8.4ms)[0m  [1m[36mcommit transaction[0m
Migrating to CreateTransactionTable (20200521193829)
  [1m[35m (0.2ms)[0m  [1m[36mbegin transaction[0m
  [1m[35m (1.2ms)[0m  [1m[35mCREATE TABLE "transactions" ("id" integer PRIMARY KEY AUTOINCREMENT NOT NULL, "user_id" integer, "shoe_id" integer)[0m
  [1m[36mprimary::SchemaMigration Create (0.5ms)[0m  [1m[32mINSERT INTO "schema_migrations" ("version") VALUES (?)[0m  [["version", "20200521193829"]]
  [1m[35m (4.0ms)[0m  [1m[36mcommit transaction[0m
  [1m[36mActiveRecord::InternalMetadata Load (0.6ms)[0m  [1m[34mSELECT "ar_internal_metadata".* FROM "ar_internal_metadata" WHERE "ar_internal_metadata"."key" = ? LIMIT ?[0m  [["key", "environment"], ["LIMIT", 1]]
  [1m[35m (0.1ms)[0m  [1m[36mbegin transaction[0m
  [1m[36mActiveRecord::InternalMetadata Create (8.5ms)[0m  [1m[32mINSERT INTO "ar_internal_metadata" ("key", "value", "created_at", "updated_at") VALUES (?, ?, ?, ?)[0m  [["key", "environment"], ["value", "development"], ["created_at", "2020-05-21 20:41:44.790391"], ["updated_at", "2020-05-21 20:41:44.790391"]]
  [1m[35m (1.3ms)[0m  [1m[36mcommit transaction[0m
  [1m[35m (0.1ms)[0m  [1m[34mSELECT sqlite_version(*)[0m
  [1m[35m (0.3ms)[0m  [1m[34mSELECT "schema_migrations"."version" FROM "schema_migrations" ORDER BY "schema_migrations"."version" ASC[0m
  [1m[35m (1.4ms)[0m  [1m[34mSELECT sqlite_version(*)[0m
  [1m[35m (0.2ms)[0m  [1m[34mSELECT "schema_migrations"."version" FROM "schema_migrations" ORDER BY "schema_migrations"."version" ASC[0m
  [1m[35m (0.7ms)[0m  [1m[34mSELECT sqlite_version(*)[0m
  [1m[35m (0.3ms)[0m  [1m[34mSELECT "schema_migrations"."version" FROM "schema_migrations" ORDER BY "schema_migrations"."version" ASC[0m
  [1m[35m (0.1ms)[0m  [1m[34mSELECT sqlite_version(*)[0m
  [1m[36mShoe Load (0.8ms)[0m  [1m[34mSELECT "shoes".* FROM "shoes"[0m
  [1m[36mTransaction Load (0.8ms)[0m  [1m[34mSELECT "transactions".* FROM "transactions"[0m
  [1m[36mUser Load (0.8ms)[0m  [1m[34mSELECT "users".* FROM "users"[0m
  [1m[35m (0.1ms)[0m  [1m[36mbegin transaction[0m
  [1m[36mUser Create (1.1ms)[0m  [1m[32mINSERT INTO "users" ("first_name", "last_name", "email", "password_digest") VALUES (?, ?, ?, ?)[0m  [["first_name", "Rory"], ["last_name", "Bosco"], ["email", "hermelinda@moen.info"], ["password_digest", "19QrRxWi335Lm5Uo"]]
  [1m[35m (1.0ms)[0m  [1m[36mcommit transaction[0m
  [1m[35m (0.1ms)[0m  [1m[36mbegin transaction[0m
  [1m[36mUser Create (0.5ms)[0m  [1m[32mINSERT INTO "users" ("first_name", "last_name", "email", "password_digest") VALUES (?, ?, ?, ?)[0m  [["first_name", "Tamra"], ["last_name", "O'Reilly"], ["email", "jacob.gerlach@labadiedonnelly.co"], ["password_digest", "Im2UpO7iIc6N"]]
  [1m[35m (0.7ms)[0m  [1m[36mcommit transaction[0m
  [1m[35m (0.1ms)[0m  [1m[36mbegin transaction[0m
  [1m[36mUser Create (0.7ms)[0m  [1m[32mINSERT INTO "users" ("first_name", "last_name", "email", "password_digest") VALUES (?, ?, ?, ?)[0m  [["first_name", "Reyes"], ["last_name", "Halvorson"], ["email", "annett.murphy@watsicajacobi.org"], ["password_digest", "59T67hEyFk01XbQ"]]
  [1m[35m (1.4ms)[0m  [1m[36mcommit transaction[0m
  [1m[35m (0.1ms)[0m  [1m[36mbegin transaction[0m
  [1m[36mUser Create (0.5ms)[0m  [1m[32mINSERT INTO "users" ("first_name", "last_name", "email", "password_digest") VALUES (?, ?, ?, ?)[0m  [["first_name", "Bennie"], ["last_name", "Ankunding"], ["email", "marquis_oconner@connellyziemann.io"], ["password_digest", "FzRjRb5YqYw"]]
  [1m[35m (1.1ms)[0m  [1m[36mcommit transaction[0m
  [1m[35m (0.2ms)[0m  [1m[36mbegin transaction[0m
  [1m[36mUser Create (0.5ms)[0m  [1m[32mINSERT INTO "users" ("first_name", "last_name", "email", "password_digest") VALUES (?, ?, ?, ?)[0m  [["first_name", "Korey"], ["last_name", "Ernser"], ["email", "evonne@collier.io"], ["password_digest", "Cz9D90cTb3"]]
  [1m[35m (1.1ms)[0m  [1m[36mcommit transaction[0m
  [1m[35m (0.1ms)[0m  [1m[36mbegin transaction[0m
  [1m[36mUser Create (1.0ms)[0m  [1m[32mINSERT INTO "users" ("first_name", "last_name", "email", "password_digest") VALUES (?, ?, ?, ?)[0m  [["first_name", "Rosamond"], ["last_name", "Kiehn"], ["email", "ernie.denesik@kilback.io"], ["password_digest", "3Ap5FnDnOrNw6"]]
  [1m[35m (1.2ms)[0m  [1m[36mcommit transaction[0m
  [1m[35m (0.1ms)[0m  [1m[36mbegin transaction[0m
  [1m[36mUser Create (0.4ms)[0m  [1m[32mINSERT INTO "users" ("first_name", "last_name", "email", "password_digest") VALUES (?, ?, ?, ?)[0m  [["first_name", "Jeromy"], ["last_name", "Hickle"], ["email", "william@terrybrakus.co"], ["password_digest", "8GsLp1IiSeIq"]]
  [1m[35m (1.6ms)[0m  [1m[36mcommit transaction[0m
  [1m[35m (0.2ms)[0m  [1m[36mbegin transaction[0m
  [1m[36mUser Create (0.7ms)[0m  [1m[32mINSERT INTO "users" ("first_name", "last_name", "email", "password_digest") VALUES (?, ?, ?, ?)[0m  [["first_name", "Ed"], ["last_name", "Shanahan"], ["email", "bryant.littel@daughertykoepp.info"], ["password_digest", "EnBbHqLq4L"]]
  [1m[35m (1.3ms)[0m  [1m[36mcommit transaction[0m
  [1m[35m (0.1ms)[0m  [1m[36mbegin transaction[0m
  [1m[36mUser Create (0.7ms)[0m  [1m[32mINSERT INTO "users" ("first_name", "last_name", "email", "password_digest") VALUES (?, ?, ?, ?)[0m  [["first_name", "Eliana"], ["last_name", "Gislason"], ["email", "odette@adams.io"], ["password_digest", "V3d90OtEmUp5GrN2"]]
  [1m[35m (1.3ms)[0m  [1m[36mcommit transaction[0m
  [1m[35m (0.1ms)[0m  [1m[36mbegin transaction[0m
  [1m[36mUser Create (0.5ms)[0m  [1m[32mINSERT INTO "users" ("first_name", "last_name", "email", "password_digest") VALUES (?, ?, ?, ?)[0m  [["first_name", "Karren"], ["last_name", "Hagenes"], ["email", "lettie_trantow@howe.io"], ["password_digest", "1Rn7L7jS"]]
  [1m[35m (1.4ms)[0m  [1m[36mcommit transaction[0m
  [1m[36mUser Load (0.3ms)[0m  [1m[34mSELECT "users".* FROM "users"[0m
  [1m[35m (0.7ms)[0m  [1m[34mSELECT sqlite_version(*)[0m
  [1m[35m (0.3ms)[0m  [1m[34mSELECT "schema_migrations"."version" FROM "schema_migrations" ORDER BY "schema_migrations"."version" ASC[0m
  [1m[35m (0.1ms)[0m  [1m[34mSELECT sqlite_version(*)[0m
  [1m[36mShoe Load (0.3ms)[0m  [1m[34mSELECT "shoes".* FROM "shoes"[0m
  [1m[36mTransaction Load (0.7ms)[0m  [1m[34mSELECT "transactions".* FROM "transactions"[0m
  [1m[36mUser Load (0.3ms)[0m  [1m[34mSELECT "users".* FROM "users"[0m
  [1m[35m (0.1ms)[0m  [1m[36mbegin transaction[0m
  [1m[36mUser Destroy (0.7ms)[0m  [1m[31mDELETE FROM "users" WHERE "users"."id" = ?[0m  [["id", 1]]
  [1m[35m (1.0ms)[0m  [1m[36mcommit transaction[0m
  [1m[35m (0.1ms)[0m  [1m[36mbegin transaction[0m
  [1m[36mUser Destroy (0.5ms)[0m  [1m[31mDELETE FROM "users" WHERE "users"."id" = ?[0m  [["id", 2]]
  [1m[35m (1.1ms)[0m  [1m[36mcommit transaction[0m
  [1m[35m (0.1ms)[0m  [1m[36mbegin transaction[0m
  [1m[36mUser Destroy (0.9ms)[0m  [1m[31mDELETE FROM "users" WHERE "users"."id" = ?[0m  [["id", 3]]
  [1m[35m (1.0ms)[0m  [1m[36mcommit transaction[0m
  [1m[35m (0.1ms)[0m  [1m[36mbegin transaction[0m
  [1m[36mUser Destroy (0.4ms)[0m  [1m[31mDELETE FROM "users" WHERE "users"."id" = ?[0m  [["id", 4]]
  [1m[35m (1.9ms)[0m  [1m[36mcommit transaction[0m
  [1m[35m (0.1ms)[0m  [1m[36mbegin transaction[0m
  [1m[36mUser Destroy (0.6ms)[0m  [1m[31mDELETE FROM "users" WHERE "users"."id" = ?[0m  [["id", 5]]
  [1m[35m (0.8ms)[0m  [1m[36mcommit transaction[0m
  [1m[35m (0.1ms)[0m  [1m[36mbegin transaction[0m
  [1m[36mUser Destroy (0.6ms)[0m  [1m[31mDELETE FROM "users" WHERE "users"."id" = ?[0m  [["id", 6]]
  [1m[35m (0.7ms)[0m  [1m[36mcommit transaction[0m
  [1m[35m (0.1ms)[0m  [1m[36mbegin transaction[0m
  [1m[36mUser Destroy (0.4ms)[0m  [1m[31mDELETE FROM "users" WHERE "users"."id" = ?[0m  [["id", 7]]
  [1m[35m (1.4ms)[0m  [1m[36mcommit transaction[0m
  [1m[35m (0.1ms)[0m  [1m[36mbegin transaction[0m
  [1m[36mUser Destroy (0.8ms)[0m  [1m[31mDELETE FROM "users" WHERE "users"."id" = ?[0m  [["id", 8]]
  [1m[35m (1.0ms)[0m  [1m[36mcommit transaction[0m
  [1m[35m (0.0ms)[0m  [1m[36mbegin transaction[0m
  [1m[36mUser Destroy (0.4ms)[0m  [1m[31mDELETE FROM "users" WHERE "users"."id" = ?[0m  [["id", 9]]
  [1m[35m (1.0ms)[0m  [1m[36mcommit transaction[0m
  [1m[35m (0.0ms)[0m  [1m[36mbegin transaction[0m
  [1m[36mUser Destroy (0.4ms)[0m  [1m[31mDELETE FROM "users" WHERE "users"."id" = ?[0m  [["id", 10]]
  [1m[35m (0.8ms)[0m  [1m[36mcommit transaction[0m
  [1m[35m (0.1ms)[0m  [1m[36mbegin transaction[0m
  [1m[36mUser Create (0.5ms)[0m  [1m[32mINSERT INTO "users" ("first_name", "last_name", "email", "password_digest") VALUES (?, ?, ?, ?)[0m  [["first_name", "Karla"], ["last_name", "Schmitt"], ["email", "norman.langworth@mclaughlin.org"], ["password_digest", "NrZ5c7R8g65EaD"]]
  [1m[35m (1.3ms)[0m  [1m[36mcommit transaction[0m
  [1m[35m (0.1ms)[0m  [1m[36mbegin transaction[0m
  [1m[36mUser Create (0.5ms)[0m  [1m[32mINSERT INTO "users" ("first_name", "last_name", "email", "password_digest") VALUES (?, ?, ?, ?)[0m  [["first_name", "Monroe"], ["last_name", "Mann"], ["email", "lucius_heathcote@auer.io"], ["password_digest", "Le4M1jU03l"]]
  [1m[35m (1.0ms)[0m  [1m[36mcommit transaction[0m
  [1m[35m (0.1ms)[0m  [1m[36mbegin transaction[0m
  [1m[36mUser Create (0.6ms)[0m  [1m[32mINSERT INTO "users" ("first_name", "last_name", "email", "password_digest") VALUES (?, ?, ?, ?)[0m  [["first_name", "Julius"], ["last_name", "Reichert"], ["email", "arlie@walker.com"], ["password_digest", "AoYpHd228V"]]
  [1m[35m (1.0ms)[0m  [1m[36mcommit transaction[0m
  [1m[35m (0.1ms)[0m  [1m[36mbegin transaction[0m
  [1m[36mUser Create (0.5ms)[0m  [1m[32mINSERT INTO "users" ("first_name", "last_name", "email", "password_digest") VALUES (?, ?, ?, ?)[0m  [["first_name", "Dario"], ["last_name", "Shields"], ["email", "willetta@erdman.co"], ["password_digest", "3K4eBsU3yCeQv"]]
  [1m[35m (1.1ms)[0m  [1m[36mcommit transaction[0m
  [1m[35m (0.1ms)[0m  [1m[36mbegin transaction[0m
  [1m[36mUser Create (0.4ms)[0m  [1m[32mINSERT INTO "users" ("first_name", "last_name", "email", "password_digest") VALUES (?, ?, ?, ?)[0m  [["first_name", "Sheldon"], ["last_name", "Bauch"], ["email", "fabian@mann.net"], ["password_digest", "11TiWuLyYmY8"]]
  [1m[35m (1.0ms)[0m  [1m[36mcommit transaction[0m
  [1m[35m (0.1ms)[0m  [1m[36mbegin transaction[0m
  [1m[36mUser Create (0.4ms)[0m  [1m[32mINSERT INTO "users" ("first_name", "last_name", "email", "password_digest") VALUES (?, ?, ?, ?)[0m  [["first_name", "Miyoko"], ["last_name", "Schmitt"], ["email", "graig@padberg.biz"], ["password_digest", "KpM8uS241lK4h"]]
  [1m[35m (1.4ms)[0m  [1m[36mcommit transaction[0m
  [1m[35m (0.2ms)[0m  [1m[36mbegin transaction[0m
  [1m[36mUser Create (0.5ms)[0m  [1m[32mINSERT INTO "users" ("first_name", "last_name", "email", "password_digest") VALUES (?, ?, ?, ?)[0m  [["first_name", "Marquis"], ["last_name", "Kirlin"], ["email", "mirna.marquardt@johnsonkohler.name"], ["password_digest", "4Gl0ChQkSo"]]
  [1m[35m (1.1ms)[0m  [1m[36mcommit transaction[0m
  [1m[35m (0.1ms)[0m  [1m[36mbegin transaction[0m
  [1m[36mUser Create (0.5ms)[0m  [1m[32mINSERT INTO "users" ("first_name", "last_name", "email", "password_digest") VALUES (?, ?, ?, ?)[0m  [["first_name", "Branda"], ["last_name", "Larson"], ["email", "ricki@ruecker.info"], ["password_digest", "A5n7YrSm"]]
  [1m[35m (1.3ms)[0m  [1m[36mcommit transaction[0m
  [1m[35m (0.1ms)[0m  [1m[36mbegin transaction[0m
  [1m[36mUser Create (0.6ms)[0m  [1m[32mINSERT INTO "users" ("first_name", "last_name", "email", "password_digest") VALUES (?, ?, ?, ?)[0m  [["first_name", "Adalberto"], ["last_name", "Rodriguez"], ["email", "lavon.von@collierkuvalis.name"], ["password_digest", "BdIlRk2Vi7I41j9V"]]
  [1m[35m (1.9ms)[0m  [1m[36mcommit transaction[0m
  [1m[35m (0.1ms)[0m  [1m[36mbegin transaction[0m
  [1m[36mUser Create (0.6ms)[0m  [1m[32mINSERT INTO "users" ("first_name", "last_name", "email", "password_digest") VALUES (?, ?, ?, ?)[0m  [["first_name", "Ralph"], ["last_name", "Fisher"], ["email", "javier_davis@denesik.net"], ["password_digest", "Fy8J7fMkO"]]
  [1m[35m (1.1ms)[0m  [1m[36mcommit transaction[0m
  [1m[36mUser Load (0.2ms)[0m  [1m[34mSELECT "users".* FROM "users"[0m
  [1m[35m (0.1ms)[0m  [1m[36mbegin transaction[0m
  [1m[36mUser Load (0.3ms)[0m  [1m[34mSELECT "users".* FROM "users" WHERE "users"."id" = ? LIMIT ?[0m  [["id", 12], ["LIMIT", 1]]
  [1m[36mShoe Create (0.5ms)[0m  [1m[32mINSERT INTO "shoes" ("model", "size", "brand", "price", "user_id") VALUES (?, ?, ?, ?, ?)[0m  [["model", "Air Jordan 1"], ["size", 10.5], ["brand", "Nike"], ["price", 263.0], ["user_id", 12]]
  [1m[35m (1.2ms)[0m  [1m[36mcommit transaction[0m
  [1m[36mUser Load (0.2ms)[0m  [1m[34mSELECT "users".* FROM "users"[0m
  [1m[35m (0.1ms)[0m  [1m[36mbegin transaction[0m
  [1m[36mUser Load (0.2ms)[0m  [1m[34mSELECT "users".* FROM "users" WHERE "users"."id" = ? LIMIT ?[0m  [["id", 17], ["LIMIT", 1]]
  [1m[36mShoe Create (0.5ms)[0m  [1m[32mINSERT INTO "shoes" ("model", "size", "brand", "price", "user_id") VALUES (?, ?, ?, ?, ?)[0m  [["model", "Air Jordan 1"], ["size", 9.0], ["brand", "Nike"], ["price", 250.0], ["user_id", 17]]
  [1m[35m (0.8ms)[0m  [1m[36mcommit transaction[0m
  [1m[36mUser Load (0.1ms)[0m  [1m[34mSELECT "users".* FROM "users"[0m
  [1m[35m (0.1ms)[0m  [1m[36mbegin transaction[0m
  [1m[36mUser Load (0.1ms)[0m  [1m[34mSELECT "users".* FROM "users" WHERE "users"."id" = ? LIMIT ?[0m  [["id", 11], ["LIMIT", 1]]
  [1m[36mShoe Create (0.9ms)[0m  [1m[32mINSERT INTO "shoes" ("model", "size", "brand", "price", "user_id") VALUES (?, ?, ?, ?, ?)[0m  [["model", "Air Jordan 1"], ["size", 12.0], ["brand", "Nike"], ["price", 270.0], ["user_id", 11]]
  [1m[35m (0.9ms)[0m  [1m[36mcommit transaction[0m
  [1m[36mUser Load (0.1ms)[0m  [1m[34mSELECT "users".* FROM "users"[0m
  [1m[35m (0.1ms)[0m  [1m[36mbegin transaction[0m
  [1m[36mUser Load (0.7ms)[0m  [1m[34mSELECT "users".* FROM "users" WHERE "users"."id" = ? LIMIT ?[0m  [["id", 16], ["LIMIT", 1]]
  [1m[36mShoe Create (0.4ms)[0m  [1m[32mINSERT INTO "shoes" ("model", "size", "brand", "price", "user_id") VALUES (?, ?, ?, ?, ?)[0m  [["model", "Air Jordan 1"], ["size", 5.0], ["brand", "Nike"], ["price", 222.0], ["user_id", 16]]
  [1m[35m (1.1ms)[0m  [1m[36mcommit transaction[0m
  [1m[36mUser Load (0.2ms)[0m  [1m[34mSELECT "users".* FROM "users"[0m
  [1m[35m (0.1ms)[0m  [1m[36mbegin transaction[0m
  [1m[36mUser Load (0.2ms)[0m  [1m[34mSELECT "users".* FROM "users" WHERE "users"."id" = ? LIMIT ?[0m  [["id", 17], ["LIMIT", 1]]
  [1m[36mShoe Create (0.6ms)[0m  [1m[32mINSERT INTO "shoes" ("model", "size", "brand", "price", "user_id") VALUES (?, ?, ?, ?, ?)[0m  [["model", "Air Max 1"], ["size", 8.0], ["brand", "Nike"], ["price", 156.0], ["user_id", 17]]
  [1m[35m (1.1ms)[0m  [1m[36mcommit transaction[0m
  [1m[36mUser Load (0.2ms)[0m  [1m[34mSELECT "users".* FROM "users"[0m
  [1m[35m (0.1ms)[0m  [1m[36mbegin transaction[0m
  [1m[36mUser Load (0.3ms)[0m  [1m[34mSELECT "users".* FROM "users" WHERE "users"."id" = ? LIMIT ?[0m  [["id", 16], ["LIMIT", 1]]
  [1m[36mShoe Create (0.4ms)[0m  [1m[32mINSERT INTO "shoes" ("model", "size", "brand", "price", "user_id") VALUES (?, ?, ?, ?, ?)[0m  [["model", "Air Max 1"], ["size", 13.0], ["brand", "Nike"], ["price", 150.0], ["user_id", 16]]
  [1m[35m (1.4ms)[0m  [1m[36mcommit transaction[0m
  [1m[36mUser Load (0.7ms)[0m  [1m[34mSELECT "users".* FROM "users"[0m
  [1m[35m (0.1ms)[0m  [1m[36mbegin transaction[0m
  [1m[36mUser Load (0.1ms)[0m  [1m[34mSELECT "users".* FROM "users" WHERE "users"."id" = ? LIMIT ?[0m  [["id", 19], ["LIMIT", 1]]
  [1m[36mShoe Create (0.4ms)[0m  [1m[32mINSERT INTO "shoes" ("model", "size", "brand", "price", "user_id") VALUES (?, ?, ?, ?, ?)[0m  [["model", "Yeezy 350's"], ["size", 7.0], ["brand", "Adidas"], ["price", 189.0], ["user_id", 19]]
  [1m[35m (1.2ms)[0m  [1m[36mcommit transaction[0m
  [1m[36mUser Load (0.2ms)[0m  [1m[34mSELECT "users".* FROM "users"[0m
  [1m[35m (0.1ms)[0m  [1m[36mbegin transaction[0m
  [1m[36mUser Load (0.2ms)[0m  [1m[34mSELECT "users".* FROM "users" WHERE "users"."id" = ? LIMIT ?[0m  [["id", 14], ["LIMIT", 1]]
  [1m[36mShoe Create (0.5ms)[0m  [1m[32mINSERT INTO "shoes" ("model", "size", "brand", "price", "user_id") VALUES (?, ?, ?, ?, ?)[0m  [["model", "Yeezy 350's"], ["size", 9.0], ["brand", "Adidas"], ["price", 178.0], ["user_id", 14]]
  [1m[35m (0.9ms)[0m  [1m[36mcommit transaction[0m
  [1m[36mUser Load (0.1ms)[0m  [1m[34mSELECT "users".* FROM "users"[0m
  [1m[36mShoe Load (0.1ms)[0m  [1m[34mSELECT "shoes".* FROM "shoes"[0m
  [1m[35m (0.1ms)[0m  [1m[36mbegin transaction[0m
  [1m[36mUser Load (0.1ms)[0m  [1m[34mSELECT "users".* FROM "users" WHERE "users"."id" = ? LIMIT ?[0m  [["id", 20], ["LIMIT", 1]]
  [1m[36mShoe Load (0.3ms)[0m  [1m[34mSELECT "shoes".* FROM "shoes" WHERE "shoes"."id" = ? LIMIT ?[0m  [["id", 2], ["LIMIT", 1]]
  [1m[36mTransaction Create (0.5ms)[0m  [1m[32mINSERT INTO "transactions" ("user_id", "shoe_id") VALUES (?, ?)[0m  [["user_id", 20], ["shoe_id", 2]]
  [1m[35m (0.9ms)[0m  [1m[36mcommit transaction[0m
  [1m[36mUser Load (0.1ms)[0m  [1m[34mSELECT "users".* FROM "users"[0m
  [1m[36mShoe Load (0.1ms)[0m  [1m[34mSELECT "shoes".* FROM "shoes"[0m
  [1m[35m (0.1ms)[0m  [1m[36mbegin transaction[0m
  [1m[36mUser Load (0.2ms)[0m  [1m[34mSELECT "users".* FROM "users" WHERE "users"."id" = ? LIMIT ?[0m  [["id", 19], ["LIMIT", 1]]
  [1m[36mShoe Load (0.1ms)[0m  [1m[34mSELECT "shoes".* FROM "shoes" WHERE "shoes"."id" = ? LIMIT ?[0m  [["id", 5], ["LIMIT", 1]]
  [1m[36mTransaction Create (0.5ms)[0m  [1m[32mINSERT INTO "transactions" ("user_id", "shoe_id") VALUES (?, ?)[0m  [["user_id", 19], ["shoe_id", 5]]
  [1m[35m (0.9ms)[0m  [1m[36mcommit transaction[0m
  [1m[36mUser Load (0.1ms)[0m  [1m[34mSELECT "users".* FROM "users"[0m
  [1m[36mShoe Load (0.1ms)[0m  [1m[34mSELECT "shoes".* FROM "shoes"[0m
  [1m[35m (0.1ms)[0m  [1m[36mbegin transaction[0m
  [1m[36mUser Load (0.2ms)[0m  [1m[34mSELECT "users".* FROM "users" WHERE "users"."id" = ? LIMIT ?[0m  [["id", 16], ["LIMIT", 1]]
  [1m[36mShoe Load (0.1ms)[0m  [1m[34mSELECT "shoes".* FROM "shoes" WHERE "shoes"."id" = ? LIMIT ?[0m  [["id", 7], ["LIMIT", 1]]
  [1m[36mTransaction Create (0.4ms)[0m  [1m[32mINSERT INTO "transactions" ("user_id", "shoe_id") VALUES (?, ?)[0m  [["user_id", 16], ["shoe_id", 7]]
  [1m[35m (1.0ms)[0m  [1m[36mcommit transaction[0m
  [1m[36mUser Load (0.3ms)[0m  [1m[34mSELECT "users".* FROM "users"[0m
  [1m[36mShoe Load (0.1ms)[0m  [1m[34mSELECT "shoes".* FROM "shoes"[0m
  [1m[35m (0.1ms)[0m  [1m[36mbegin transaction[0m
  [1m[36mUser Load (0.2ms)[0m  [1m[34mSELECT "users".* FROM "users" WHERE "users"."id" = ? LIMIT ?[0m  [["id", 11], ["LIMIT", 1]]
  [1m[36mShoe Load (0.1ms)[0m  [1m[34mSELECT "shoes".* FROM "shoes" WHERE "shoes"."id" = ? LIMIT ?[0m  [["id", 8], ["LIMIT", 1]]
  [1m[36mTransaction Create (0.4ms)[0m  [1m[32mINSERT INTO "transactions" ("user_id", "shoe_id") VALUES (?, ?)[0m  [["user_id", 11], ["shoe_id", 8]]
  [1m[35m (1.3ms)[0m  [1m[36mcommit transaction[0m
  [1m[36mUser Load (0.2ms)[0m  [1m[34mSELECT "users".* FROM "users"[0m
  [1m[36mShoe Load (0.1ms)[0m  [1m[34mSELECT "shoes".* FROM "shoes"[0m
  [1m[35m (0.1ms)[0m  [1m[36mbegin transaction[0m
  [1m[36mUser Load (0.1ms)[0m  [1m[34mSELECT "users".* FROM "users" WHERE "users"."id" = ? LIMIT ?[0m  [["id", 15], ["LIMIT", 1]]
  [1m[36mShoe Load (0.2ms)[0m  [1m[34mSELECT "shoes".* FROM "shoes" WHERE "shoes"."id" = ? LIMIT ?[0m  [["id", 6], ["LIMIT", 1]]
  [1m[36mTransaction Create (0.5ms)[0m  [1m[32mINSERT INTO "transactions" ("user_id", "shoe_id") VALUES (?, ?)[0m  [["user_id", 15], ["shoe_id", 6]]
  [1m[35m (1.1ms)[0m  [1m[36mcommit transaction[0m
  [1m[36mUser Load (0.2ms)[0m  [1m[34mSELECT "users".* FROM "users"[0m
  [1m[36mShoe Load (0.1ms)[0m  [1m[34mSELECT "shoes".* FROM "shoes"[0m
  [1m[35m (0.0ms)[0m  [1m[36mbegin transaction[0m
  [1m[36mUser Load (0.1ms)[0m  [1m[34mSELECT "users".* FROM "users" WHERE "users"."id" = ? LIMIT ?[0m  [["id", 16], ["LIMIT", 1]]
  [1m[36mShoe Load (0.0ms)[0m  [1m[34mSELECT "shoes".* FROM "shoes" WHERE "shoes"."id" = ? LIMIT ?[0m  [["id", 4], ["LIMIT", 1]]
  [1m[36mTransaction Create (0.6ms)[0m  [1m[32mINSERT INTO "transactions" ("user_id", "shoe_id") VALUES (?, ?)[0m  [["user_id", 16], ["shoe_id", 4]]
  [1m[35m (1.4ms)[0m  [1m[36mcommit transaction[0m
  [1m[36mUser Load (0.2ms)[0m  [1m[34mSELECT "users".* FROM "users"[0m
  [1m[36mShoe Load (0.3ms)[0m  [1m[34mSELECT "shoes".* FROM "shoes"[0m
  [1m[35m (0.1ms)[0m  [1m[36mbegin transaction[0m
  [1m[36mUser Load (0.2ms)[0m  [1m[34mSELECT "users".* FROM "users" WHERE "users"."id" = ? LIMIT ?[0m  [["id", 17], ["LIMIT", 1]]
  [1m[36mShoe Load (0.1ms)[0m  [1m[34mSELECT "shoes".* FROM "shoes" WHERE "shoes"."id" = ? LIMIT ?[0m  [["id", 1], ["LIMIT", 1]]
  [1m[36mTransaction Create (0.4ms)[0m  [1m[32mINSERT INTO "transactions" ("user_id", "shoe_id") VALUES (?, ?)[0m  [["user_id", 17], ["shoe_id", 1]]
  [1m[35m (1.1ms)[0m  [1m[36mcommit transaction[0m
  [1m[36mUser Load (0.2ms)[0m  [1m[34mSELECT "users".* FROM "users"[0m
  [1m[36mShoe Load (0.1ms)[0m  [1m[34mSELECT "shoes".* FROM "shoes"[0m
  [1m[35m (0.1ms)[0m  [1m[36mbegin transaction[0m
  [1m[36mUser Load (0.1ms)[0m  [1m[34mSELECT "users".* FROM "users" WHERE "users"."id" = ? LIMIT ?[0m  [["id", 16], ["LIMIT", 1]]
  [1m[36mShoe Load (0.1ms)[0m  [1m[34mSELECT "shoes".* FROM "shoes" WHERE "shoes"."id" = ? LIMIT ?[0m  [["id", 6], ["LIMIT", 1]]
  [1m[36mTransaction Create (0.5ms)[0m  [1m[32mINSERT INTO "transactions" ("user_id", "shoe_id") VALUES (?, ?)[0m  [["user_id", 16], ["shoe_id", 6]]
  [1m[35m (1.2ms)[0m  [1m[36mcommit transaction[0m
  [1m[36mUser Load (0.2ms)[0m  [1m[34mSELECT "users".* FROM "users"[0m
  [1m[36mShoe Load (0.1ms)[0m  [1m[34mSELECT "shoes".* FROM "shoes"[0m
  [1m[35m (0.1ms)[0m  [1m[36mbegin transaction[0m
  [1m[36mUser Load (0.3ms)[0m  [1m[34mSELECT "users".* FROM "users" WHERE "users"."id" = ? LIMIT ?[0m  [["id", 11], ["LIMIT", 1]]
  [1m[36mShoe Load (0.1ms)[0m  [1m[34mSELECT "shoes".* FROM "shoes" WHERE "shoes"."id" = ? LIMIT ?[0m  [["id", 2], ["LIMIT", 1]]
  [1m[36mTransaction Create (0.5ms)[0m  [1m[32mINSERT INTO "transactions" ("user_id", "shoe_id") VALUES (?, ?)[0m  [["user_id", 11], ["shoe_id", 2]]
  [1m[35m (1.0ms)[0m  [1m[36mcommit transaction[0m
  [1m[36mUser Load (0.2ms)[0m  [1m[34mSELECT "users".* FROM "users"[0m
  [1m[36mShoe Load (0.2ms)[0m  [1m[34mSELECT "shoes".* FROM "shoes"[0m
  [1m[35m (0.1ms)[0m  [1m[36mbegin transaction[0m
  [1m[36mUser Load (0.1ms)[0m  [1m[34mSELECT "users".* FROM "users" WHERE "users"."id" = ? LIMIT ?[0m  [["id", 16], ["LIMIT", 1]]
  [1m[36mShoe Load (0.1ms)[0m  [1m[34mSELECT "shoes".* FROM "shoes" WHERE "shoes"."id" = ? LIMIT ?[0m  [["id", 5], ["LIMIT", 1]]
  [1m[36mTransaction Create (0.6ms)[0m  [1m[32mINSERT INTO "transactions" ("user_id", "shoe_id") VALUES (?, ?)[0m  [["user_id", 16], ["shoe_id", 5]]
  [1m[35m (1.6ms)[0m  [1m[36mcommit transaction[0m
  [1m[35m (1.9ms)[0m  [1m[34mSELECT sqlite_version(*)[0m
  [1m[35m (0.9ms)[0m  [1m[34mSELECT "schema_migrations"."version" FROM "schema_migrations" ORDER BY "schema_migrations"."version" ASC[0m
  [1m[35m (0.2ms)[0m  [1m[34mSELECT "schema_migrations"."version" FROM "schema_migrations" ORDER BY "schema_migrations"."version" ASC[0m
  [1m[35m (0.1ms)[0m  [1m[34mSELECT "schema_migrations"."version" FROM "schema_migrations" ORDER BY "schema_migrations"."version" ASC[0m
  [1m[35m (0.1ms)[0m  [1m[34mSELECT "schema_migrations"."version" FROM "schema_migrations" ORDER BY "schema_migrations"."version" ASC[0m
Migrating to CreateTransactionTable (20200521193829)
  [1m[35m (0.3ms)[0m  [1m[36mbegin transaction[0m
  [1m[35m (3.0ms)[0m  [1m[35mDROP TABLE "transactions"[0m
  [1m[36mprimary::SchemaMigration Destroy (0.8ms)[0m  [1m[31mDELETE FROM "schema_migrations" WHERE "schema_migrations"."version" = ?[0m  [["version", "20200521193829"]]
  [1m[35m (1.8ms)[0m  [1m[36mcommit transaction[0m
  [1m[35m (0.1ms)[0m  [1m[34mSELECT sqlite_version(*)[0m
  [1m[35m (0.2ms)[0m  [1m[34mSELECT "schema_migrations"."version" FROM "schema_migrations" ORDER BY "schema_migrations"."version" ASC[0m
  [1m[35m (0.5ms)[0m  [1m[34mSELECT sqlite_version(*)[0m
  [1m[35m (0.4ms)[0m  [1m[34mSELECT "schema_migrations"."version" FROM "schema_migrations" ORDER BY "schema_migrations"."version" ASC[0m
  [1m[35m (0.2ms)[0m  [1m[34mSELECT "schema_migrations"."version" FROM "schema_migrations" ORDER BY "schema_migrations"."version" ASC[0m
  [1m[35m (0.1ms)[0m  [1m[34mSELECT "schema_migrations"."version" FROM "schema_migrations" ORDER BY "schema_migrations"."version" ASC[0m
  [1m[35m (0.1ms)[0m  [1m[34mSELECT "schema_migrations"."version" FROM "schema_migrations" ORDER BY "schema_migrations"."version" ASC[0m
Migrating to CreateUserTable (20200521193814)
  [1m[35m (0.1ms)[0m  [1m[36mbegin transaction[0m
  [1m[35m (0.8ms)[0m  [1m[35mDROP TABLE "users"[0m
  [1m[36mprimary::SchemaMigration Destroy (0.4ms)[0m  [1m[31mDELETE FROM "schema_migrations" WHERE "schema_migrations"."version" = ?[0m  [["version", "20200521193814"]]
  [1m[35m (1.1ms)[0m  [1m[36mcommit transaction[0m
  [1m[35m (0.1ms)[0m  [1m[34mSELECT sqlite_version(*)[0m
  [1m[35m (0.8ms)[0m  [1m[34mSELECT "schema_migrations"."version" FROM "schema_migrations" ORDER BY "schema_migrations"."version" ASC[0m
  [1m[35m (0.6ms)[0m  [1m[34mSELECT sqlite_version(*)[0m
  [1m[35m (0.3ms)[0m  [1m[34mSELECT "schema_migrations"."version" FROM "schema_migrations" ORDER BY "schema_migrations"."version" ASC[0m
  [1m[35m (0.1ms)[0m  [1m[34mSELECT "schema_migrations"."version" FROM "schema_migrations" ORDER BY "schema_migrations"."version" ASC[0m
  [1m[35m (0.1ms)[0m  [1m[34mSELECT "schema_migrations"."version" FROM "schema_migrations" ORDER BY "schema_migrations"."version" ASC[0m
  [1m[35m (0.1ms)[0m  [1m[34mSELECT "schema_migrations"."version" FROM "schema_migrations" ORDER BY "schema_migrations"."version" ASC[0m
Migrating to CreateShoeTable (20200521193759)
  [1m[35m (0.1ms)[0m  [1m[36mbegin transaction[0m
  [1m[35m (1.1ms)[0m  [1m[35mDROP TABLE "shoes"[0m
  [1m[36mprimary::SchemaMigration Destroy (0.5ms)[0m  [1m[31mDELETE FROM "schema_migrations" WHERE "schema_migrations"."version" = ?[0m  [["version", "20200521193759"]]
  [1m[35m (2.2ms)[0m  [1m[36mcommit transaction[0m
  [1m[35m (0.3ms)[0m  [1m[34mSELECT sqlite_version(*)[0m
  [1m[35m (0.3ms)[0m  [1m[34mSELECT "schema_migrations"."version" FROM "schema_migrations" ORDER BY "schema_migrations"."version" ASC[0m
  [1m[35m (7.9ms)[0m  [1m[34mSELECT sqlite_version(*)[0m
  [1m[35m (0.5ms)[0m  [1m[34mSELECT "schema_migrations"."version" FROM "schema_migrations" ORDER BY "schema_migrations"."version" ASC[0m
Migrating to CreateShoeTable (20200521193759)
  [1m[35m (0.1ms)[0m  [1m[36mbegin transaction[0m
  [1m[35m (0.6ms)[0m  [1m[35mCREATE TABLE "shoes" ("id" integer PRIMARY KEY AUTOINCREMENT NOT NULL, "model" varchar, "size" float, "brand" varchar, "price" float, "image" varchar, "user_id" integer)[0m
  [1m[36mprimary::SchemaMigration Create (0.5ms)[0m  [1m[32mINSERT INTO "schema_migrations" ("version") VALUES (?)[0m  [["version", "20200521193759"]]
  [1m[35m (1.6ms)[0m  [1m[36mcommit transaction[0m
Migrating to CreateUserTable (20200521193814)
  [1m[35m (0.1ms)[0m  [1m[36mbegin transaction[0m
  [1m[35m (1.2ms)[0m  [1m[35mCREATE TABLE "users" ("id" integer PRIMARY KEY AUTOINCREMENT NOT NULL, "first_name" varchar, "last_name" varchar, "email" varchar, "password_digest" varchar)[0m
  [1m[36mprimary::SchemaMigration Create (0.3ms)[0m  [1m[32mINSERT INTO "schema_migrations" ("version") VALUES (?)[0m  [["version", "20200521193814"]]
  [1m[35m (1.2ms)[0m  [1m[36mcommit transaction[0m
Migrating to CreateTransactionTable (20200521193829)
  [1m[35m (9.7ms)[0m  [1m[36mbegin transaction[0m
  [1m[35m (1.0ms)[0m  [1m[35mCREATE TABLE "transactions" ("id" integer PRIMARY KEY AUTOINCREMENT NOT NULL, "user_id" integer, "shoe_id" integer)[0m
  [1m[36mprimary::SchemaMigration Create (0.3ms)[0m  [1m[32mINSERT INTO "schema_migrations" ("version") VALUES (?)[0m  [["version", "20200521193829"]]
  [1m[35m (33.1ms)[0m  [1m[36mcommit transaction[0m
  [1m[36mActiveRecord::InternalMetadata Load (10.0ms)[0m  [1m[34mSELECT "ar_internal_metadata".* FROM "ar_internal_metadata" WHERE "ar_internal_metadata"."key" = ? LIMIT ?[0m  [["key", "environment"], ["LIMIT", 1]]
  [1m[35m (0.1ms)[0m  [1m[34mSELECT sqlite_version(*)[0m
  [1m[35m (0.5ms)[0m  [1m[34mSELECT "schema_migrations"."version" FROM "schema_migrations" ORDER BY "schema_migrations"."version" ASC[0m
  [1m[35m (2.7ms)[0m  [1m[34mSELECT sqlite_version(*)[0m
  [1m[35m (1.0ms)[0m  [1m[34mSELECT "schema_migrations"."version" FROM "schema_migrations" ORDER BY "schema_migrations"."version" ASC[0m
  [1m[35m (0.1ms)[0m  [1m[34mSELECT sqlite_version(*)[0m
  [1m[36mShoe Load (0.6ms)[0m  [1m[34mSELECT "shoes".* FROM "shoes"[0m
  [1m[36mTransaction Load (0.8ms)[0m  [1m[34mSELECT "transactions".* FROM "transactions"[0m
  [1m[36mUser Load (0.8ms)[0m  [1m[34mSELECT "users".* FROM "users"[0m
  [1m[35m (0.1ms)[0m  [1m[36mbegin transaction[0m
  [1m[36mUser Create (1.3ms)[0m  [1m[32mINSERT INTO "users" ("first_name", "last_name", "email", "password_digest") VALUES (?, ?, ?, ?)[0m  [["first_name", "Robena"], ["last_name", "Feeney"], ["email", "sima_schuster@veum.info"], ["password_digest", "1DgE1f0ZxK9"]]
  [1m[35m (1.0ms)[0m  [1m[36mcommit transaction[0m
  [1m[35m (0.1ms)[0m  [1m[36mbegin transaction[0m
  [1m[36mUser Create (0.4ms)[0m  [1m[32mINSERT INTO "users" ("first_name", "last_name", "email", "password_digest") VALUES (?, ?, ?, ?)[0m  [["first_name", "Carmella"], ["last_name", "Beier"], ["email", "paris@price.org"], ["password_digest", "F5dFmHmLjD"]]
  [1m[35m (1.9ms)[0m  [1m[36mcommit transaction[0m
  [1m[35m (0.1ms)[0m  [1m[36mbegin transaction[0m
  [1m[36mUser Create (1.0ms)[0m  [1m[32mINSERT INTO "users" ("first_name", "last_name", "email", "password_digest") VALUES (?, ?, ?, ?)[0m  [["first_name", "Lindsay"], ["last_name", "McDermott"], ["email", "alpha_homenick@zboncak.io"], ["password_digest", "PfJmPeJlD6dB7"]]
  [1m[35m (1.1ms)[0m  [1m[36mcommit transaction[0m
  [1m[35m (0.1ms)[0m  [1m[36mbegin transaction[0m
  [1m[36mUser Create (0.6ms)[0m  [1m[32mINSERT INTO "users" ("first_name", "last_name", "email", "password_digest") VALUES (?, ?, ?, ?)[0m  [["first_name", "Drew"], ["last_name", "VonRueden"], ["email", "carrol@purdy.co"], ["password_digest", "J897tG1tMjQ8"]]
  [1m[35m (1.0ms)[0m  [1m[36mcommit transaction[0m
  [1m[35m (0.1ms)[0m  [1m[36mbegin transaction[0m
  [1m[36mUser Create (1.0ms)[0m  [1m[32mINSERT INTO "users" ("first_name", "last_name", "email", "password_digest") VALUES (?, ?, ?, ?)[0m  [["first_name", "Karyn"], ["last_name", "Buckridge"], ["email", "heath@toyfarrell.name"], ["password_digest", "14VpJiN5jQ8sFmHd"]]
  [1m[35m (1.3ms)[0m  [1m[36mcommit transaction[0m
  [1m[35m (0.1ms)[0m  [1m[36mbegin transaction[0m
  [1m[36mUser Create (0.7ms)[0m  [1m[32mINSERT INTO "users" ("first_name", "last_name", "email", "password_digest") VALUES (?, ?, ?, ?)[0m  [["first_name", "Hubert"], ["last_name", "Rowe"], ["email", "janey@white.net"], ["password_digest", "T7hSxIt9HgH"]]
  [1m[35m (1.1ms)[0m  [1m[36mcommit transaction[0m
  [1m[35m (0.1ms)[0m  [1m[36mbegin transaction[0m
  [1m[36mUser Create (0.4ms)[0m  [1m[32mINSERT INTO "users" ("first_name", "last_name", "email", "password_digest") VALUES (?, ?, ?, ?)[0m  [["first_name", "Lavone"], ["last_name", "Lindgren"], ["email", "landon@blick.name"], ["password_digest", "WsFtWd8Dd9Xg"]]
  [1m[35m (1.0ms)[0m  [1m[36mcommit transaction[0m
  [1m[35m (0.1ms)[0m  [1m[36mbegin transaction[0m
  [1m[36mUser Create (0.9ms)[0m  [1m[32mINSERT INTO "users" ("first_name", "last_name", "email", "password_digest") VALUES (?, ?, ?, ?)[0m  [["first_name", "Hayley"], ["last_name", "Schoen"], ["email", "cory@harris.org"], ["password_digest", "V0kN7fNs10R"]]
  [1m[35m (1.8ms)[0m  [1m[36mcommit transaction[0m
  [1m[35m (0.1ms)[0m  [1m[36mbegin transaction[0m
  [1m[36mUser Create (0.5ms)[0m  [1m[32mINSERT INTO "users" ("first_name", "last_name", "email", "password_digest") VALUES (?, ?, ?, ?)[0m  [["first_name", "Loren"], ["last_name", "Bayer"], ["email", "mike@schuppelesch.io"], ["password_digest", "UjHb0YyMxKdI17f6"]]
  [1m[35m (1.2ms)[0m  [1m[36mcommit transaction[0m
  [1m[35m (0.1ms)[0m  [1m[36mbegin transaction[0m
  [1m[36mUser Create (0.6ms)[0m  [1m[32mINSERT INTO "users" ("first_name", "last_name", "email", "password_digest") VALUES (?, ?, ?, ?)[0m  [["first_name", "Marian"], ["last_name", "Lemke"], ["email", "frankie@braun.io"], ["password_digest", "IrTmHj0D"]]
  [1m[35m (1.1ms)[0m  [1m[36mcommit transaction[0m
  [1m[36mUser Load (0.2ms)[0m  [1m[34mSELECT "users".* FROM "users"[0m
  [1m[35m (0.1ms)[0m  [1m[36mbegin transaction[0m
  [1m[36mUser Load (0.2ms)[0m  [1m[34mSELECT "users".* FROM "users" WHERE "users"."id" = ? LIMIT ?[0m  [["id", 3], ["LIMIT", 1]]
  [1m[36mShoe Create (0.4ms)[0m  [1m[32mINSERT INTO "shoes" ("model", "size", "brand", "price", "image", "user_id") VALUES (?, ?, ?, ?, ?, ?)[0m  [["model", "Air Jordan 1"], ["size", 10.5], ["brand", "Nike"], ["price", 263.0], ["image", "http://tiny.cc/odhipz"], ["user_id", 3]]
  [1m[35m (1.3ms)[0m  [1m[36mcommit transaction[0m
  [1m[36mUser Load (0.2ms)[0m  [1m[34mSELECT "users".* FROM "users"[0m
  [1m[35m (0.1ms)[0m  [1m[36mbegin transaction[0m
  [1m[36mUser Load (0.1ms)[0m  [1m[34mSELECT "users".* FROM "users" WHERE "users"."id" = ? LIMIT ?[0m  [["id", 9], ["LIMIT", 1]]
  [1m[36mShoe Create (0.4ms)[0m  [1m[32mINSERT INTO "shoes" ("model", "size", "brand", "price", "image", "user_id") VALUES (?, ?, ?, ?, ?, ?)[0m  [["model", "Air Jordan 1"], ["size", 9.0], ["brand", "Nike"], ["price", 250.0], ["image", "http://tiny.cc/odhipz"], ["user_id", 9]]
  [1m[35m (1.3ms)[0m  [1m[36mcommit transaction[0m
  [1m[36mUser Load (0.3ms)[0m  [1m[34mSELECT "users".* FROM "users"[0m
  [1m[35m (0.2ms)[0m  [1m[36mbegin transaction[0m
  [1m[36mUser Load (0.1ms)[0m  [1m[34mSELECT "users".* FROM "users" WHERE "users"."id" = ? LIMIT ?[0m  [["id", 9], ["LIMIT", 1]]
  [1m[36mShoe Create (0.5ms)[0m  [1m[32mINSERT INTO "shoes" ("model", "size", "brand", "price", "image", "user_id") VALUES (?, ?, ?, ?, ?, ?)[0m  [["model", "Air Jordan 1"], ["size", 12.0], ["brand", "Nike"], ["price", 270.0], ["image", "http://tiny.cc/odhipz"], ["user_id", 9]]
  [1m[35m (1.9ms)[0m  [1m[36mcommit transaction[0m
  [1m[36mUser Load (0.2ms)[0m  [1m[34mSELECT "users".* FROM "users"[0m
  [1m[35m (0.1ms)[0m  [1m[36mbegin transaction[0m
  [1m[36mUser Load (0.1ms)[0m  [1m[34mSELECT "users".* FROM "users" WHERE "users"."id" = ? LIMIT ?[0m  [["id", 2], ["LIMIT", 1]]
  [1m[36mShoe Create (0.9ms)[0m  [1m[32mINSERT INTO "shoes" ("model", "size", "brand", "price", "image", "user_id") VALUES (?, ?, ?, ?, ?, ?)[0m  [["model", "Air Jordan 1"], ["size", 5.0], ["brand", "Nike"], ["price", 222.0], ["image", "http://tiny.cc/odhipz"], ["user_id", 2]]
  [1m[35m (1.4ms)[0m  [1m[36mcommit transaction[0m
  [1m[36mUser Load (0.3ms)[0m  [1m[34mSELECT "users".* FROM "users"[0m
  [1m[35m (0.1ms)[0m  [1m[36mbegin transaction[0m
  [1m[36mUser Load (0.1ms)[0m  [1m[34mSELECT "users".* FROM "users" WHERE "users"."id" = ? LIMIT ?[0m  [["id", 2], ["LIMIT", 1]]
  [1m[36mShoe Create (0.4ms)[0m  [1m[32mINSERT INTO "shoes" ("model", "size", "brand", "price", "image", "user_id") VALUES (?, ?, ?, ?, ?, ?)[0m  [["model", "Air Max 1"], ["size", 8.0], ["brand", "Nike"], ["price", 156.0], ["image", "http://tiny.cc/odhipz"], ["user_id", 2]]
  [1m[35m (1.0ms)[0m  [1m[36mcommit transaction[0m
  [1m[36mUser Load (0.2ms)[0m  [1m[34mSELECT "users".* FROM "users"[0m
  [1m[35m (0.1ms)[0m  [1m[36mbegin transaction[0m
  [1m[36mUser Load (29.6ms)[0m  [1m[34mSELECT "users".* FROM "users" WHERE "users"."id" = ? LIMIT ?[0m  [["id", 5], ["LIMIT", 1]]
  [1m[36mShoe Create (0.5ms)[0m  [1m[32mINSERT INTO "shoes" ("model", "size", "brand", "price", "image", "user_id") VALUES (?, ?, ?, ?, ?, ?)[0m  [["model", "Air Max 1"], ["size", 13.0], ["brand", "Nike"], ["price", 150.0], ["image", "http://tiny.cc/odhipz"], ["user_id", 5]]
  [1m[35m (1.3ms)[0m  [1m[36mcommit transaction[0m
  [1m[36mUser Load (0.2ms)[0m  [1m[34mSELECT "users".* FROM "users"[0m
  [1m[35m (0.1ms)[0m  [1m[36mbegin transaction[0m
  [1m[36mUser Load (0.1ms)[0m  [1m[34mSELECT "users".* FROM "users" WHERE "users"."id" = ? LIMIT ?[0m  [["id", 3], ["LIMIT", 1]]
  [1m[36mShoe Create (0.8ms)[0m  [1m[32mINSERT INTO "shoes" ("model", "size", "brand", "price", "image", "user_id") VALUES (?, ?, ?, ?, ?, ?)[0m  [["model", "Yeezy 350's"], ["size", 7.0], ["brand", "Adidas"], ["price", 189.0], ["image", "http://tiny.cc/odhipz"], ["user_id", 3]]
  [1m[35m (1.2ms)[0m  [1m[36mcommit transaction[0m
  [1m[36mUser Load (0.3ms)[0m  [1m[34mSELECT "users".* FROM "users"[0m
  [1m[35m (0.1ms)[0m  [1m[36mbegin transaction[0m
  [1m[36mUser Load (0.1ms)[0m  [1m[34mSELECT "users".* FROM "users" WHERE "users"."id" = ? LIMIT ?[0m  [["id", 7], ["LIMIT", 1]]
  [1m[36mShoe Create (0.4ms)[0m  [1m[32mINSERT INTO "shoes" ("model", "size", "brand", "price", "image", "user_id") VALUES (?, ?, ?, ?, ?, ?)[0m  [["model", "Yeezy 350's"], ["size", 9.0], ["brand", "Adidas"], ["price", 178.0], ["image", "http://tiny.cc/odhipz"], ["user_id", 7]]
  [1m[35m (1.3ms)[0m  [1m[36mcommit transaction[0m
  [1m[36mUser Load (0.2ms)[0m  [1m[34mSELECT "users".* FROM "users"[0m
  [1m[36mShoe Load (0.1ms)[0m  [1m[34mSELECT "shoes".* FROM "shoes"[0m
  [1m[35m (0.1ms)[0m  [1m[36mbegin transaction[0m
  [1m[36mUser Load (0.2ms)[0m  [1m[34mSELECT "users".* FROM "users" WHERE "users"."id" = ? LIMIT ?[0m  [["id", 9], ["LIMIT", 1]]
  [1m[36mShoe Load (0.3ms)[0m  [1m[34mSELECT "shoes".* FROM "shoes" WHERE "shoes"."id" = ? LIMIT ?[0m  [["id", 6], ["LIMIT", 1]]
  [1m[36mTransaction Create (0.5ms)[0m  [1m[32mINSERT INTO "transactions" ("user_id", "shoe_id") VALUES (?, ?)[0m  [["user_id", 9], ["shoe_id", 6]]
  [1m[35m (1.2ms)[0m  [1m[36mcommit transaction[0m
  [1m[36mUser Load (0.3ms)[0m  [1m[34mSELECT "users".* FROM "users"[0m
  [1m[36mShoe Load (0.2ms)[0m  [1m[34mSELECT "shoes".* FROM "shoes"[0m
  [1m[35m (0.1ms)[0m  [1m[36mbegin transaction[0m
  [1m[36mUser Load (0.1ms)[0m  [1m[34mSELECT "users".* FROM "users" WHERE "users"."id" = ? LIMIT ?[0m  [["id", 3], ["LIMIT", 1]]
  [1m[36mShoe Load (0.1ms)[0m  [1m[34mSELECT "shoes".* FROM "shoes" WHERE "shoes"."id" = ? LIMIT ?[0m  [["id", 8], ["LIMIT", 1]]
  [1m[36mTransaction Create (0.5ms)[0m  [1m[32mINSERT INTO "transactions" ("user_id", "shoe_id") VALUES (?, ?)[0m  [["user_id", 3], ["shoe_id", 8]]
  [1m[35m (1.0ms)[0m  [1m[36mcommit transaction[0m
  [1m[36mUser Load (0.1ms)[0m  [1m[34mSELECT "users".* FROM "users"[0m
  [1m[36mShoe Load (0.2ms)[0m  [1m[34mSELECT "shoes".* FROM "shoes"[0m
  [1m[35m (0.1ms)[0m  [1m[36mbegin transaction[0m
  [1m[36mUser Load (0.2ms)[0m  [1m[34mSELECT "users".* FROM "users" WHERE "users"."id" = ? LIMIT ?[0m  [["id", 4], ["LIMIT", 1]]
  [1m[36mShoe Load (0.4ms)[0m  [1m[34mSELECT "shoes".* FROM "shoes" WHERE "shoes"."id" = ? LIMIT ?[0m  [["id", 8], ["LIMIT", 1]]
  [1m[36mTransaction Create (0.5ms)[0m  [1m[32mINSERT INTO "transactions" ("user_id", "shoe_id") VALUES (?, ?)[0m  [["user_id", 4], ["shoe_id", 8]]
  [1m[35m (1.5ms)[0m  [1m[36mcommit transaction[0m
  [1m[36mUser Load (0.2ms)[0m  [1m[34mSELECT "users".* FROM "users"[0m
  [1m[36mShoe Load (0.1ms)[0m  [1m[34mSELECT "shoes".* FROM "shoes"[0m
  [1m[35m (0.1ms)[0m  [1m[36mbegin transaction[0m
  [1m[36mUser Load (0.4ms)[0m  [1m[34mSELECT "users".* FROM "users" WHERE "users"."id" = ? LIMIT ?[0m  [["id", 1], ["LIMIT", 1]]
  [1m[36mShoe Load (0.1ms)[0m  [1m[34mSELECT "shoes".* FROM "shoes" WHERE "shoes"."id" = ? LIMIT ?[0m  [["id", 4], ["LIMIT", 1]]
  [1m[36mTransaction Create (0.4ms)[0m  [1m[32mINSERT INTO "transactions" ("user_id", "shoe_id") VALUES (?, ?)[0m  [["user_id", 1], ["shoe_id", 4]]
  [1m[35m (1.5ms)[0m  [1m[36mcommit transaction[0m
  [1m[36mUser Load (0.2ms)[0m  [1m[34mSELECT "users".* FROM "users"[0m
  [1m[36mShoe Load (0.1ms)[0m  [1m[34mSELECT "shoes".* FROM "shoes"[0m
  [1m[35m (0.1ms)[0m  [1m[36mbegin transaction[0m
  [1m[36mUser Load (0.1ms)[0m  [1m[34mSELECT "users".* FROM "users" WHERE "users"."id" = ? LIMIT ?[0m  [["id", 10], ["LIMIT", 1]]
  [1m[36mShoe Load (0.1ms)[0m  [1m[34mSELECT "shoes".* FROM "shoes" WHERE "shoes"."id" = ? LIMIT ?[0m  [["id", 6], ["LIMIT", 1]]
  [1m[36mTransaction Create (0.6ms)[0m  [1m[32mINSERT INTO "transactions" ("user_id", "shoe_id") VALUES (?, ?)[0m  [["user_id", 10], ["shoe_id", 6]]
  [1m[35m (1.1ms)[0m  [1m[36mcommit transaction[0m
  [1m[36mUser Load (0.2ms)[0m  [1m[34mSELECT "users".* FROM "users"[0m
  [1m[36mShoe Load (0.3ms)[0m  [1m[34mSELECT "shoes".* FROM "shoes"[0m
  [1m[35m (0.1ms)[0m  [1m[36mbegin transaction[0m
  [1m[36mUser Load (0.3ms)[0m  [1m[34mSELECT "users".* FROM "users" WHERE "users"."id" = ? LIMIT ?[0m  [["id", 8], ["LIMIT", 1]]
  [1m[36mShoe Load (0.1ms)[0m  [1m[34mSELECT "shoes".* FROM "shoes" WHERE "shoes"."id" = ? LIMIT ?[0m  [["id", 7], ["LIMIT", 1]]
  [1m[36mTransaction Create (0.5ms)[0m  [1m[32mINSERT INTO "transactions" ("user_id", "shoe_id") VALUES (?, ?)[0m  [["user_id", 8], ["shoe_id", 7]]
  [1m[35m (1.0ms)[0m  [1m[36mcommit transaction[0m
  [1m[36mUser Load (0.2ms)[0m  [1m[34mSELECT "users".* FROM "users"[0m
  [1m[36mShoe Load (0.3ms)[0m  [1m[34mSELECT "shoes".* FROM "shoes"[0m
  [1m[35m (0.1ms)[0m  [1m[36mbegin transaction[0m
  [1m[36mUser Load (0.1ms)[0m  [1m[34mSELECT "users".* FROM "users" WHERE "users"."id" = ? LIMIT ?[0m  [["id", 10], ["LIMIT", 1]]
  [1m[36mShoe Load (0.1ms)[0m  [1m[34mSELECT "shoes".* FROM "shoes" WHERE "shoes"."id" = ? LIMIT ?[0m  [["id", 3], ["LIMIT", 1]]
  [1m[36mTransaction Create (0.5ms)[0m  [1m[32mINSERT INTO "transactions" ("user_id", "shoe_id") VALUES (?, ?)[0m  [["user_id", 10], ["shoe_id", 3]]
  [1m[35m (0.9ms)[0m  [1m[36mcommit transaction[0m
  [1m[36mUser Load (0.1ms)[0m  [1m[34mSELECT "users".* FROM "users"[0m
  [1m[36mShoe Load (0.2ms)[0m  [1m[34mSELECT "shoes".* FROM "shoes"[0m
  [1m[35m (0.1ms)[0m  [1m[36mbegin transaction[0m
  [1m[36mUser Load (0.2ms)[0m  [1m[34mSELECT "users".* FROM "users" WHERE "users"."id" = ? LIMIT ?[0m  [["id", 3], ["LIMIT", 1]]
  [1m[36mShoe Load (0.1ms)[0m  [1m[34mSELECT "shoes".* FROM "shoes" WHERE "shoes"."id" = ? LIMIT ?[0m  [["id", 1], ["LIMIT", 1]]
  [1m[36mTransaction Create (0.4ms)[0m  [1m[32mINSERT INTO "transactions" ("user_id", "shoe_id") VALUES (?, ?)[0m  [["user_id", 3], ["shoe_id", 1]]
  [1m[35m (1.0ms)[0m  [1m[36mcommit transaction[0m
  [1m[36mUser Load (0.2ms)[0m  [1m[34mSELECT "users".* FROM "users"[0m
  [1m[36mShoe Load (0.2ms)[0m  [1m[34mSELECT "shoes".* FROM "shoes"[0m
  [1m[35m (0.1ms)[0m  [1m[36mbegin transaction[0m
  [1m[36mUser Load (0.4ms)[0m  [1m[34mSELECT "users".* FROM "users" WHERE "users"."id" = ? LIMIT ?[0m  [["id", 7], ["LIMIT", 1]]
  [1m[36mShoe Load (0.1ms)[0m  [1m[34mSELECT "shoes".* FROM "shoes" WHERE "shoes"."id" = ? LIMIT ?[0m  [["id", 4], ["LIMIT", 1]]
  [1m[36mTransaction Create (0.7ms)[0m  [1m[32mINSERT INTO "transactions" ("user_id", "shoe_id") VALUES (?, ?)[0m  [["user_id", 7], ["shoe_id", 4]]
  [1m[35m (1.3ms)[0m  [1m[36mcommit transaction[0m
  [1m[36mUser Load (0.2ms)[0m  [1m[34mSELECT "users".* FROM "users"[0m
  [1m[36mShoe Load (0.1ms)[0m  [1m[34mSELECT "shoes".* FROM "shoes"[0m
  [1m[35m (0.1ms)[0m  [1m[36mbegin transaction[0m
  [1m[36mUser Load (0.1ms)[0m  [1m[34mSELECT "users".* FROM "users" WHERE "users"."id" = ? LIMIT ?[0m  [["id", 1], ["LIMIT", 1]]
  [1m[36mShoe Load (0.1ms)[0m  [1m[34mSELECT "shoes".* FROM "shoes" WHERE "shoes"."id" = ? LIMIT ?[0m  [["id", 7], ["LIMIT", 1]]
  [1m[36mTransaction Create (0.6ms)[0m  [1m[32mINSERT INTO "transactions" ("user_id", "shoe_id") VALUES (?, ?)[0m  [["user_id", 1], ["shoe_id", 7]]
  [1m[35m (1.3ms)[0m  [1m[36mcommit transaction[0m
